<?xml version="1.0" encoding="UTF-8" ?>
<testsuite failures="0" time="0.014" errors="0" skipped="0" tests="1" name="ext.AppTest">
  <properties>
    <property name="java.runtime.name" value="Java(TM) SE Runtime Environment"/>
    <property name="sun.boot.library.path" value="/System/Library/Java/JavaVirtualMachines/1.6.0.jdk/Contents/Libraries"/>
    <property name="java.vm.version" value="20.10-b01-428"/>
    <property name="awt.nativeDoubleBuffering" value="true"/>
    <property name="gopherProxySet" value="false"/>
    <property name="mrj.build" value="11M3811"/>
    <property name="java.vm.vendor" value="Apple Inc."/>
    <property name="java.vendor.url" value="http://www.apple.com/"/>
    <property name="path.separator" value=":"/>
    <property name="java.vm.name" value="Java HotSpot(TM) 64-Bit Server VM"/>
    <property name="file.encoding.pkg" value="sun.io"/>
    <property name="user.country" value="US"/>
    <property name="sun.java.launcher" value="SUN_STANDARD"/>
    <property name="sun.os.patch.level" value="unknown"/>
    <property name="java.vm.specification.name" value="Java Virtual Machine Specification"/>
    <property name="user.dir" value="/Users/kei/Documents/work/java/ESAPI-surrogate-encoder"/>
    <property name="java.runtime.version" value="1.6.0_35-b10-428-11M3811"/>
    <property name="java.awt.graphicsenv" value="apple.awt.CGraphicsEnvironment"/>
    <property name="basedir" value="/Users/kei/Documents/work/java/ESAPI-surrogate-encoder"/>
    <property name="java.endorsed.dirs" value="/System/Library/Java/JavaVirtualMachines/1.6.0.jdk/Contents/Home/lib/endorsed"/>
    <property name="os.arch" value="x86_64"/>
    <property name="surefire.real.class.path" value="/Users/kei/Documents/work/java/ESAPI-surrogate-encoder/target/surefire/surefirebooter3187877540799525053.jar"/>
    <property name="java.io.tmpdir" value="/var/folders/nb/q827tn_966q2vftg10kz89gr0000gn/T/"/>
    <property name="line.separator" value="
"/>
    <property name="java.vm.specification.vendor" value="Sun Microsystems Inc."/>
    <property name="os.name" value="Mac OS X"/>
    <property name="sun.jnu.encoding" value="MacRoman"/>
    <property name="java.library.path" value=".:/Library/Java/Extensions:/System/Library/Java/Extensions:/usr/lib/java"/>
    <property name="surefire.test.class.path" value="/Users/kei/Documents/work/java/ESAPI-surrogate-encoder/target/test-classes:/Users/kei/Documents/work/java/ESAPI-surrogate-encoder/target/classes:/Users/kei/.m2/repository/junit/junit/3.8.1/junit-3.8.1.jar:/Users/kei/.m2/repository/org/owasp/esapi/esapi/2.0.1/esapi-2.0.1.jar:/Users/kei/.m2/repository/commons-configuration/commons-configuration/1.5/commons-configuration-1.5.jar:/Users/kei/.m2/repository/commons-lang/commons-lang/2.3/commons-lang-2.3.jar:/Users/kei/.m2/repository/commons-logging/commons-logging/1.1/commons-logging-1.1.jar:/Users/kei/.m2/repository/logkit/logkit/1.0.1/logkit-1.0.1.jar:/Users/kei/.m2/repository/avalon-framework/avalon-framework/4.1.3/avalon-framework-4.1.3.jar:/Users/kei/.m2/repository/javax/servlet/servlet-api/2.3/servlet-api-2.3.jar:/Users/kei/.m2/repository/commons-digester/commons-digester/1.8/commons-digester-1.8.jar:/Users/kei/.m2/repository/commons-beanutils/commons-beanutils/1.7.0/commons-beanutils-1.7.0.jar:/Users/kei/.m2/repository/commons-beanutils/commons-beanutils-core/1.7.0/commons-beanutils-core-1.7.0.jar:/Users/kei/.m2/repository/commons-fileupload/commons-fileupload/1.2/commons-fileupload-1.2.jar:/Users/kei/.m2/repository/commons-collections/commons-collections/3.2/commons-collections-3.2.jar:/Users/kei/.m2/repository/log4j/log4j/1.2.16/log4j-1.2.16.jar:/Users/kei/.m2/repository/xom/xom/1.1/xom-1.1.jar:/Users/kei/.m2/repository/xerces/xmlParserAPIs/2.6.2/xmlParserAPIs-2.6.2.jar:/Users/kei/.m2/repository/xerces/xercesImpl/2.6.2/xercesImpl-2.6.2.jar:/Users/kei/.m2/repository/xalan/xalan/2.7.0/xalan-2.7.0.jar:/Users/kei/.m2/repository/xml-apis/xml-apis/1.0.b2/xml-apis-1.0.b2.jar:/Users/kei/.m2/repository/jaxen/jaxen/1.1-beta-8/jaxen-1.1-beta-8.jar:/Users/kei/.m2/repository/dom4j/dom4j/1.6.1/dom4j-1.6.1.jar:/Users/kei/.m2/repository/jdom/jdom/1.0/jdom-1.0.jar:/Users/kei/.m2/repository/org/beanshell/bsh-core/2.0b4/bsh-core-2.0b4.jar:/Users/kei/.m2/repository/org/owasp/antisamy/antisamy/1.4.3/antisamy-1.4.3.jar:/Users/kei/.m2/repository/org/apache/xmlgraphics/batik-css/1.7/batik-css-1.7.jar:/Users/kei/.m2/repository/org/apache/xmlgraphics/batik-ext/1.7/batik-ext-1.7.jar:/Users/kei/.m2/repository/org/apache/xmlgraphics/batik-util/1.7/batik-util-1.7.jar:/Users/kei/.m2/repository/xml-apis/xml-apis-ext/1.3.04/xml-apis-ext-1.3.04.jar:/Users/kei/.m2/repository/net/sourceforge/nekohtml/nekohtml/1.9.12/nekohtml-1.9.12.jar:/Users/kei/.m2/repository/commons-httpclient/commons-httpclient/3.1/commons-httpclient-3.1.jar:/Users/kei/.m2/repository/commons-codec/commons-codec/1.2/commons-codec-1.2.jar:"/>
    <property name="java.specification.name" value="Java Platform API Specification"/>
    <property name="java.class.version" value="50.0"/>
    <property name="sun.management.compiler" value="HotSpot 64-Bit Tiered Compilers"/>
    <property name="os.version" value="10.7.5"/>
    <property name="http.nonProxyHosts" value="local|*.local|169.254/16|*.169.254/16"/>
    <property name="user.home" value="/Users/kei"/>
    <property name="user.timezone" value=""/>
    <property name="java.awt.printerjob" value="apple.awt.CPrinterJob"/>
    <property name="java.specification.version" value="1.6"/>
    <property name="file.encoding" value="MacRoman"/>
    <property name="user.name" value="kei"/>
    <property name="java.class.path" value="/Users/kei/Documents/work/java/ESAPI-surrogate-encoder/target/test-classes:/Users/kei/Documents/work/java/ESAPI-surrogate-encoder/target/classes:/Users/kei/.m2/repository/junit/junit/3.8.1/junit-3.8.1.jar:/Users/kei/.m2/repository/org/owasp/esapi/esapi/2.0.1/esapi-2.0.1.jar:/Users/kei/.m2/repository/commons-configuration/commons-configuration/1.5/commons-configuration-1.5.jar:/Users/kei/.m2/repository/commons-lang/commons-lang/2.3/commons-lang-2.3.jar:/Users/kei/.m2/repository/commons-logging/commons-logging/1.1/commons-logging-1.1.jar:/Users/kei/.m2/repository/logkit/logkit/1.0.1/logkit-1.0.1.jar:/Users/kei/.m2/repository/avalon-framework/avalon-framework/4.1.3/avalon-framework-4.1.3.jar:/Users/kei/.m2/repository/javax/servlet/servlet-api/2.3/servlet-api-2.3.jar:/Users/kei/.m2/repository/commons-digester/commons-digester/1.8/commons-digester-1.8.jar:/Users/kei/.m2/repository/commons-beanutils/commons-beanutils/1.7.0/commons-beanutils-1.7.0.jar:/Users/kei/.m2/repository/commons-beanutils/commons-beanutils-core/1.7.0/commons-beanutils-core-1.7.0.jar:/Users/kei/.m2/repository/commons-fileupload/commons-fileupload/1.2/commons-fileupload-1.2.jar:/Users/kei/.m2/repository/commons-collections/commons-collections/3.2/commons-collections-3.2.jar:/Users/kei/.m2/repository/log4j/log4j/1.2.16/log4j-1.2.16.jar:/Users/kei/.m2/repository/xom/xom/1.1/xom-1.1.jar:/Users/kei/.m2/repository/xerces/xmlParserAPIs/2.6.2/xmlParserAPIs-2.6.2.jar:/Users/kei/.m2/repository/xerces/xercesImpl/2.6.2/xercesImpl-2.6.2.jar:/Users/kei/.m2/repository/xalan/xalan/2.7.0/xalan-2.7.0.jar:/Users/kei/.m2/repository/xml-apis/xml-apis/1.0.b2/xml-apis-1.0.b2.jar:/Users/kei/.m2/repository/jaxen/jaxen/1.1-beta-8/jaxen-1.1-beta-8.jar:/Users/kei/.m2/repository/dom4j/dom4j/1.6.1/dom4j-1.6.1.jar:/Users/kei/.m2/repository/jdom/jdom/1.0/jdom-1.0.jar:/Users/kei/.m2/repository/org/beanshell/bsh-core/2.0b4/bsh-core-2.0b4.jar:/Users/kei/.m2/repository/org/owasp/antisamy/antisamy/1.4.3/antisamy-1.4.3.jar:/Users/kei/.m2/repository/org/apache/xmlgraphics/batik-css/1.7/batik-css-1.7.jar:/Users/kei/.m2/repository/org/apache/xmlgraphics/batik-ext/1.7/batik-ext-1.7.jar:/Users/kei/.m2/repository/org/apache/xmlgraphics/batik-util/1.7/batik-util-1.7.jar:/Users/kei/.m2/repository/xml-apis/xml-apis-ext/1.3.04/xml-apis-ext-1.3.04.jar:/Users/kei/.m2/repository/net/sourceforge/nekohtml/nekohtml/1.9.12/nekohtml-1.9.12.jar:/Users/kei/.m2/repository/commons-httpclient/commons-httpclient/3.1/commons-httpclient-3.1.jar:/Users/kei/.m2/repository/commons-codec/commons-codec/1.2/commons-codec-1.2.jar:"/>
    <property name="java.vm.specification.version" value="1.0"/>
    <property name="sun.arch.data.model" value="64"/>
    <property name="java.home" value="/System/Library/Java/JavaVirtualMachines/1.6.0.jdk/Contents/Home"/>
    <property name="sun.java.command" value="/Users/kei/Documents/work/java/ESAPI-surrogate-encoder/target/surefire/surefirebooter3187877540799525053.jar /Users/kei/Documents/work/java/ESAPI-surrogate-encoder/target/surefire/surefire6685156398164038131tmp /Users/kei/Documents/work/java/ESAPI-surrogate-encoder/target/surefire/surefire3046072049639231221tmp"/>
    <property name="java.specification.vendor" value="Sun Microsystems Inc."/>
    <property name="user.language" value="en"/>
    <property name="awt.toolkit" value="apple.awt.CToolkit"/>
    <property name="java.vm.info" value="mixed mode"/>
    <property name="java.version" value="1.6.0_35"/>
    <property name="java.ext.dirs" value="/Library/Java/Extensions:/System/Library/Java/Extensions:/System/Library/Java/JavaVirtualMachines/1.6.0.jdk/Contents/Home/lib/ext"/>
    <property name="sun.boot.class.path" value="/System/Library/Java/JavaVirtualMachines/1.6.0.jdk/Contents/Classes/jsfd.jar:/System/Library/Java/JavaVirtualMachines/1.6.0.jdk/Contents/Classes/classes.jar:/System/Library/Frameworks/JavaVM.framework/Frameworks/JavaRuntimeSupport.framework/Resources/Java/JavaRuntimeSupport.jar:/System/Library/Java/JavaVirtualMachines/1.6.0.jdk/Contents/Classes/ui.jar:/System/Library/Java/JavaVirtualMachines/1.6.0.jdk/Contents/Classes/laf.jar:/System/Library/Java/JavaVirtualMachines/1.6.0.jdk/Contents/Classes/sunrsasign.jar:/System/Library/Java/JavaVirtualMachines/1.6.0.jdk/Contents/Classes/jsse.jar:/System/Library/Java/JavaVirtualMachines/1.6.0.jdk/Contents/Classes/jce.jar:/System/Library/Java/JavaVirtualMachines/1.6.0.jdk/Contents/Classes/charsets.jar"/>
    <property name="java.vendor" value="Apple Inc."/>
    <property name="localRepository" value="/Users/kei/.m2/repository"/>
    <property name="file.separator" value="/"/>
    <property name="java.vendor.url.bug" value="http://bugreport.apple.com/"/>
    <property name="sun.cpu.endian" value="little"/>
    <property name="sun.io.unicode.encoding" value="UnicodeLittle"/>
    <property name="mrj.version" value="1070.1.6.0_35-428"/>
    <property name="socksNonProxyHosts" value="local|*.local|169.254/16|*.169.254/16"/>
    <property name="ftp.nonProxyHosts" value="local|*.local|169.254/16|*.169.254/16"/>
    <property name="sun.cpu.isalist" value=""/>
  </properties>
  <testcase time="0.002" classname="ext.AppTest" name="testApp"/>
</testsuite>